<?xml version="1.0" encoding="UTF-8"?>
<!-- Generated by org.testng.reporters.JUnitReportReporter -->
<testsuite hostname="LAPTOP-UICENVRK" failures="0" tests="2" name="cucumber.Runner" time="14.490" errors="0" timestamp="30 May 2024 07:49:10 GMT" skipped="0">
  <testcase classname="cucumber.Runner" name="runScenario" time="6.941"/>
  <testcase classname="cucumber.Runner" name="runScenario" time="7.549"/>
</testsuite> <!-- cucumber.Runner -->
