<?xml version="1.0" encoding="UTF-8"?>
<!-- Generated by org.testng.reporters.JUnitReportReporter -->
<testsuite hostname="LAPTOP-UICENVRK" failures="0" tests="2" name="rahulshettyacademy.TestNGFramework2" time="11.132" errors="0" timestamp="29 May 2024 07:19:12 GMT" skipped="0">
  <testcase classname="rahulshettyacademy.TestNGFramework2" name="submitOrders" time="7.303"/>
  <testcase classname="rahulshettyacademy.TestNGFramework2" name="finalValidation" time="3.829"/>
</testsuite> <!-- rahulshettyacademy.TestNGFramework2 -->
