<?xml version="1.0" encoding="UTF-8"?>
<!-- Generated by org.testng.reporters.JUnitReportReporter -->
<testsuite hostname="LAPTOP-UICENVRK" failures="0" tests="2" name="rahulshettyacademy.TestNGFramework2" time="0.000" errors="0" timestamp="29 May 2024 09:16:13 GMT" skipped="2">
  <testcase classname="rahulshettyacademy.TestNGFramework2" name="finalValidation" time="0.000">
    <skipped/>
  </testcase> <!-- finalValidation -->
  <testcase classname="rahulshettyacademy.TestNGFramework2" name="submitOrders" time="0.000">
    <skipped/>
  </testcase> <!-- submitOrders -->
</testsuite> <!-- rahulshettyacademy.TestNGFramework2 -->
