<?xml version="1.0" encoding="UTF-8"?>
<!-- Generated by org.testng.reporters.JUnitReportReporter -->
<testsuite hostname="LAPTOP-UICENVRK" failures="0" tests="1" name="rahulshettyacademy.ErrorValidation" time="9.681" errors="0" timestamp="29 May 2024 09:27:56 GMT" skipped="0">
  <testcase classname="rahulshettyacademy.ErrorValidation" name="errorTest" time="9.681"/>
</testsuite> <!-- rahulshettyacademy.ErrorValidation -->
